[2023-01-03 16:05:57.355 ip_IS_UNDEFINED appName_IS_UNDEFINED [34mINFO [0;39m [33m[0;39m,[32m[0;39m,[34m[0;39m [33mmain[0;39m [32mcom.ctrip.framework.foundation.internals.provider.DefaultApplicationProvider[0;39m App ID is set to simple by app.id property from System Property
[2023-01-03 16:05:57.358 ip_IS_UNDEFINED appName_IS_UNDEFINED [31mWARN [0;39m [33m[0;39m,[32m[0;39m,[34m[0;39m [33mmain[0;39m [32mcom.ctrip.framework.foundation.internals.provider.DefaultApplicationProvider[0;39m app.label is not available from System Property and /META-INF/app.properties. It is set to null
[2023-01-03 16:05:57.359 ip_IS_UNDEFINED appName_IS_UNDEFINED [34mINFO [0;39m [33m[0;39m,[32m[0;39m,[34m[0;39m [33mmain[0;39m [32mcom.ctrip.framework.foundation.internals.provider.DefaultServerProvider[0;39m Environment is set to null. Because it is not available in either (1) JVM system property 'env', (2) OS env variable 'ENV' nor (3) property 'env' from the properties InputStream.
[2023-01-03 16:05:57.390 ip_IS_UNDEFINED appName_IS_UNDEFINED [34mINFO [0;39m [33m[0;39m,[32m[0;39m,[34m[0;39m [33mmain[0;39m [32mcom.ctrip.framework.apollo.internals.DefaultMetaServerProvider[0;39m Located meta services from apollo.meta configuration: http://120.77.19.44:8080!
[2023-01-03 16:05:57.392 ip_IS_UNDEFINED appName_IS_UNDEFINED [34mINFO [0;39m [33m[0;39m,[32m[0;39m,[34m[0;39m [33mmain[0;39m [32mcom.ctrip.framework.apollo.core.MetaDomainConsts[0;39m Located meta server address http://120.77.19.44:8080 for env UNKNOWN from com.ctrip.framework.apollo.internals.DefaultMetaServerProvider
[2023-01-03 16:05:57.624 ip_IS_UNDEFINED appName_IS_UNDEFINED [34mINFO [0;39m [33m[0;39m,[32m[0;39m,[34m[0;39m [33mmain[0;39m [32mcom.wzw.simple.SimpleApplication[0;39m Starting SimpleApplication on wzwdeMacBook-Pro.local with PID 49175 (/Users/wzw/Documents/workspace/simple/target/classes started by wzw in /Users/wzw/Documents/workspace/simple)
[2023-01-03 16:05:57.625 ip_IS_UNDEFINED appName_IS_UNDEFINED [34mINFO [0;39m [33m[0;39m,[32m[0;39m,[34m[0;39m [33mmain[0;39m [32mcom.wzw.simple.SimpleApplication[0;39m No active profile set, falling back to default profiles: default
[2023-01-03 16:05:58.854 ip_IS_UNDEFINED appName_IS_UNDEFINED [34mINFO [0;39m [33m[0;39m,[32m[0;39m,[34m[0;39m [33mmain[0;39m [32morg.springframework.boot.web.embedded.tomcat.TomcatWebServer[0;39m Tomcat initialized with port(s): 8080 (http)
[2023-01-03 16:05:58.866 ip_IS_UNDEFINED appName_IS_UNDEFINED [34mINFO [0;39m [33m[0;39m,[32m[0;39m,[34m[0;39m [33mmain[0;39m [32morg.apache.coyote.http11.Http11NioProtocol[0;39m Initializing ProtocolHandler ["http-nio-8080"]
[2023-01-03 16:05:58.866 ip_IS_UNDEFINED appName_IS_UNDEFINED [34mINFO [0;39m [33m[0;39m,[32m[0;39m,[34m[0;39m [33mmain[0;39m [32morg.apache.catalina.core.StandardService[0;39m Starting service [Tomcat]
[2023-01-03 16:05:58.866 ip_IS_UNDEFINED appName_IS_UNDEFINED [34mINFO [0;39m [33m[0;39m,[32m[0;39m,[34m[0;39m [33mmain[0;39m [32morg.apache.catalina.core.StandardEngine[0;39m Starting Servlet engine: [Apache Tomcat/9.0.46]
[2023-01-03 16:05:58.957 ip_IS_UNDEFINED appName_IS_UNDEFINED [34mINFO [0;39m [33m[0;39m,[32m[0;39m,[34m[0;39m [33mmain[0;39m [32morg.apache.catalina.core.ContainerBase.[Tomcat].[localhost].[/][0;39m Initializing Spring embedded WebApplicationContext
[2023-01-03 16:05:58.957 ip_IS_UNDEFINED appName_IS_UNDEFINED [34mINFO [0;39m [33m[0;39m,[32m[0;39m,[34m[0;39m [33mmain[0;39m [32morg.springframework.boot.web.servlet.context.ServletWebServerApplicationContext[0;39m Root WebApplicationContext: initialization completed in 1275 ms
[2023-01-03 16:05:59.012 ip_IS_UNDEFINED appName_IS_UNDEFINED [34mINFO [0;39m [33m[0;39m,[32m[0;39m,[34m[0;39m [33mmain[0;39m [32mcom.ctrip.framework.apollo.spring.annotation.SpringValueProcessor[0;39m Monitoring key: simple.env, beanName: apolloConfig, field: com.wzw.simple.config.ApolloConfig$$EnhancerBySpringCGLIB$$e0812354.env
[2023-01-03 16:05:59.602 ip_IS_UNDEFINED appName_IS_UNDEFINED [34mINFO [0;39m [33m[0;39m,[32m[0;39m,[34m[0;39m [33mmain[0;39m [32morg.springframework.scheduling.concurrent.ThreadPoolTaskExecutor[0;39m Initializing ExecutorService 'applicationTaskExecutor'
[2023-01-03 16:05:59.830 ip_IS_UNDEFINED appName_IS_UNDEFINED [34mINFO [0;39m [33m[0;39m,[32m[0;39m,[34m[0;39m [33mmain[0;39m [32morg.apache.coyote.http11.Http11NioProtocol[0;39m Starting ProtocolHandler ["http-nio-8080"]
[2023-01-03 16:05:59.851 ip_IS_UNDEFINED appName_IS_UNDEFINED [34mINFO [0;39m [33m[0;39m,[32m[0;39m,[34m[0;39m [33mmain[0;39m [32morg.springframework.boot.web.embedded.tomcat.TomcatWebServer[0;39m Tomcat started on port(s): 8080 (http) with context path ''
[2023-01-03 16:05:59.863 ip_IS_UNDEFINED appName_IS_UNDEFINED [34mINFO [0;39m [33m[0;39m,[32m[0;39m,[34m[0;39m [33mmain[0;39m [32mcom.wzw.simple.SimpleApplication[0;39m Started SimpleApplication in 2.855 seconds (JVM running for 5.159)
[2023-01-03 16:06:58.510 ip_IS_UNDEFINED appName_IS_UNDEFINED [34mINFO [0;39m [33m[0;39m,[32m[0;39m,[34m[0;39m [33mmain[0;39m [32mcom.ctrip.framework.foundation.internals.provider.DefaultApplicationProvider[0;39m App ID is set to simple by app.id property from System Property
[2023-01-03 16:06:58.513 ip_IS_UNDEFINED appName_IS_UNDEFINED [31mWARN [0;39m [33m[0;39m,[32m[0;39m,[34m[0;39m [33mmain[0;39m [32mcom.ctrip.framework.foundation.internals.provider.DefaultApplicationProvider[0;39m app.label is not available from System Property and /META-INF/app.properties. It is set to null
[2023-01-03 16:06:58.514 ip_IS_UNDEFINED appName_IS_UNDEFINED [34mINFO [0;39m [33m[0;39m,[32m[0;39m,[34m[0;39m [33mmain[0;39m [32mcom.ctrip.framework.foundation.internals.provider.DefaultServerProvider[0;39m Environment is set to null. Because it is not available in either (1) JVM system property 'env', (2) OS env variable 'ENV' nor (3) property 'env' from the properties InputStream.
[2023-01-03 16:06:58.541 ip_IS_UNDEFINED appName_IS_UNDEFINED [34mINFO [0;39m [33m[0;39m,[32m[0;39m,[34m[0;39m [33mmain[0;39m [32mcom.ctrip.framework.apollo.internals.DefaultMetaServerProvider[0;39m Located meta services from apollo.meta configuration: http://120.77.19.44:8080!
[2023-01-03 16:06:58.544 ip_IS_UNDEFINED appName_IS_UNDEFINED [34mINFO [0;39m [33m[0;39m,[32m[0;39m,[34m[0;39m [33mmain[0;39m [32mcom.ctrip.framework.apollo.core.MetaDomainConsts[0;39m Located meta server address http://120.77.19.44:8080 for env UNKNOWN from com.ctrip.framework.apollo.internals.DefaultMetaServerProvider
[2023-01-03 16:06:58.749 ip_IS_UNDEFINED appName_IS_UNDEFINED [34mINFO [0;39m [33m[0;39m,[32m[0;39m,[34m[0;39m [33mmain[0;39m [32mcom.wzw.simple.SimpleApplication[0;39m Starting SimpleApplication on wzwdeMacBook-Pro.local with PID 49359 (/Users/wzw/Documents/workspace/simple/target/classes started by wzw in /Users/wzw/Documents/workspace/simple)
[2023-01-03 16:06:58.750 ip_IS_UNDEFINED appName_IS_UNDEFINED [34mINFO [0;39m [33m[0;39m,[32m[0;39m,[34m[0;39m [33mmain[0;39m [32mcom.wzw.simple.SimpleApplication[0;39m No active profile set, falling back to default profiles: default
[2023-01-03 16:06:59.942 ip_IS_UNDEFINED appName_IS_UNDEFINED [34mINFO [0;39m [33m[0;39m,[32m[0;39m,[34m[0;39m [33mmain[0;39m [32morg.springframework.boot.web.embedded.tomcat.TomcatWebServer[0;39m Tomcat initialized with port(s): 8080 (http)
[2023-01-03 16:06:59.952 ip_IS_UNDEFINED appName_IS_UNDEFINED [34mINFO [0;39m [33m[0;39m,[32m[0;39m,[34m[0;39m [33mmain[0;39m [32morg.apache.coyote.http11.Http11NioProtocol[0;39m Initializing ProtocolHandler ["http-nio-8080"]
[2023-01-03 16:06:59.953 ip_IS_UNDEFINED appName_IS_UNDEFINED [34mINFO [0;39m [33m[0;39m,[32m[0;39m,[34m[0;39m [33mmain[0;39m [32morg.apache.catalina.core.StandardService[0;39m Starting service [Tomcat]
[2023-01-03 16:06:59.953 ip_IS_UNDEFINED appName_IS_UNDEFINED [34mINFO [0;39m [33m[0;39m,[32m[0;39m,[34m[0;39m [33mmain[0;39m [32morg.apache.catalina.core.StandardEngine[0;39m Starting Servlet engine: [Apache Tomcat/9.0.46]
[2023-01-03 16:07:00.039 ip_IS_UNDEFINED appName_IS_UNDEFINED [34mINFO [0;39m [33m[0;39m,[32m[0;39m,[34m[0;39m [33mmain[0;39m [32morg.apache.catalina.core.ContainerBase.[Tomcat].[localhost].[/][0;39m Initializing Spring embedded WebApplicationContext
[2023-01-03 16:07:00.040 ip_IS_UNDEFINED appName_IS_UNDEFINED [34mINFO [0;39m [33m[0;39m,[32m[0;39m,[34m[0;39m [33mmain[0;39m [32morg.springframework.boot.web.servlet.context.ServletWebServerApplicationContext[0;39m Root WebApplicationContext: initialization completed in 1250 ms
[2023-01-03 16:07:00.092 ip_IS_UNDEFINED appName_IS_UNDEFINED [34mINFO [0;39m [33m[0;39m,[32m[0;39m,[34m[0;39m [33mmain[0;39m [32mcom.ctrip.framework.apollo.spring.annotation.SpringValueProcessor[0;39m Monitoring key: simple.env, beanName: apolloConfig, field: com.wzw.simple.config.ApolloConfig$$EnhancerBySpringCGLIB$$7ab42f8a.env
[2023-01-03 16:07:00.629 ip_IS_UNDEFINED appName_IS_UNDEFINED [34mINFO [0;39m [33m[0;39m,[32m[0;39m,[34m[0;39m [33mmain[0;39m [32morg.springframework.scheduling.concurrent.ThreadPoolTaskExecutor[0;39m Initializing ExecutorService 'applicationTaskExecutor'
[2023-01-03 16:07:00.876 ip_IS_UNDEFINED appName_IS_UNDEFINED [34mINFO [0;39m [33m[0;39m,[32m[0;39m,[34m[0;39m [33mmain[0;39m [32morg.apache.coyote.http11.Http11NioProtocol[0;39m Starting ProtocolHandler ["http-nio-8080"]
[2023-01-03 16:07:00.897 ip_IS_UNDEFINED appName_IS_UNDEFINED [34mINFO [0;39m [33m[0;39m,[32m[0;39m,[34m[0;39m [33mmain[0;39m [32morg.springframework.boot.web.embedded.tomcat.TomcatWebServer[0;39m Tomcat started on port(s): 8080 (http) with context path ''
[2023-01-03 16:07:00.908 ip_IS_UNDEFINED appName_IS_UNDEFINED [34mINFO [0;39m [33m[0;39m,[32m[0;39m,[34m[0;39m [33mmain[0;39m [32mcom.wzw.simple.SimpleApplication[0;39m Started SimpleApplication in 2.722 seconds (JVM running for 4.349)
[2023-01-03 16:08:25.940 ip_IS_UNDEFINED appName_IS_UNDEFINED [34mINFO [0;39m [33m[0;39m,[32m[0;39m,[34m[0;39m [33mhttp-nio-8080-exec-1[0;39m [32morg.apache.catalina.core.ContainerBase.[Tomcat].[localhost].[/][0;39m Initializing Spring DispatcherServlet 'dispatcherServlet'
[2023-01-03 16:08:25.941 ip_IS_UNDEFINED appName_IS_UNDEFINED [34mINFO [0;39m [33m[0;39m,[32m[0;39m,[34m[0;39m [33mhttp-nio-8080-exec-1[0;39m [32morg.springframework.web.servlet.DispatcherServlet[0;39m Initializing Servlet 'dispatcherServlet'
[2023-01-03 16:08:25.952 ip_IS_UNDEFINED appName_IS_UNDEFINED [34mINFO [0;39m [33m[0;39m,[32m[0;39m,[34m[0;39m [33mhttp-nio-8080-exec-1[0;39m [32morg.springframework.web.servlet.DispatcherServlet[0;39m Completed initialization in 11 ms
[2023-01-03 16:08:26.197 ip_IS_UNDEFINED appName_IS_UNDEFINED [34mINFO [0;39m [33m[0;39m,[32m[0;39m,[34m[0;39m [33mhttp-nio-8080-exec-1[0;39m [32mcom.alibaba.druid.pool.DruidDataSource[0;39m {dataSource-1} inited
[2023-01-03 16:08:27.322 ip_IS_UNDEFINED appName_IS_UNDEFINED [39mDEBUG[0;39m [33m[0;39m,[32m[0;39m,[34m[0;39m [33mhttp-nio-8080-exec-1[0;39m [32mcom.wzw.simple.user.mapper.UserMapper.selectByExample_COUNT[0;39m ==>  Preparing: SELECT count(0) FROM user
[2023-01-03 16:08:27.341 ip_IS_UNDEFINED appName_IS_UNDEFINED [39mDEBUG[0;39m [33m[0;39m,[32m[0;39m,[34m[0;39m [33mhttp-nio-8080-exec-1[0;39m [32mcom.wzw.simple.user.mapper.UserMapper.selectByExample_COUNT[0;39m ==> Parameters: 
[2023-01-03 16:08:27.403 ip_IS_UNDEFINED appName_IS_UNDEFINED [39mDEBUG[0;39m [33m[0;39m,[32m[0;39m,[34m[0;39m [33mhttp-nio-8080-exec-1[0;39m [32mcom.wzw.simple.user.mapper.UserMapper.selectByExample_COUNT[0;39m <==      Total: 1
[2023-01-03 16:08:27.412 ip_IS_UNDEFINED appName_IS_UNDEFINED [39mDEBUG[0;39m [33m[0;39m,[32m[0;39m,[34m[0;39m [33mhttp-nio-8080-exec-1[0;39m [32mcom.wzw.simple.user.mapper.UserMapper.selectByExample[0;39m ==>  Preparing: SELECT id,user_name,sex,age,birthday,address FROM user order by id Desc LIMIT ?
[2023-01-03 16:08:27.412 ip_IS_UNDEFINED appName_IS_UNDEFINED [39mDEBUG[0;39m [33m[0;39m,[32m[0;39m,[34m[0;39m [33mhttp-nio-8080-exec-1[0;39m [32mcom.wzw.simple.user.mapper.UserMapper.selectByExample[0;39m ==> Parameters: 10(Integer)
[2023-01-03 16:08:27.462 ip_IS_UNDEFINED appName_IS_UNDEFINED [39mDEBUG[0;39m [33m[0;39m,[32m[0;39m,[34m[0;39m [33mhttp-nio-8080-exec-1[0;39m [32mcom.wzw.simple.user.mapper.UserMapper.selectByExample[0;39m <==      Total: 7
[2023-01-03 16:08:27.585 ip_IS_UNDEFINED appName_IS_UNDEFINED [34mINFO [0;39m [33m[0;39m,[32m[0;39m,[34m[0;39m [33mhttp-nio-8080-exec-1[0;39m [32mcom.wzw.simple.controller.UserController[0;39m page={"data":[{"address":"","age":1,"birthday":"","id":9,"sex":0,"userName":"lisi"},{"address":"china","age":29,"birthday":"1993-03-15","id":6,"sex":1,"userName":"å¤©é™å¹¸è¿"},{"address":"china","age":29,"birthday":"1993-03-15","id":5,"sex":1,"userName":"å¤©é™å¹¸è¿"},{"address":"china","age":29,"birthday":"1993-03-15","id":4,"sex":1,"userName":"å¤©é™å¹¸è¿"},{"address":"","age":20,"birthday":"1999-12-12","id":3,"sex":1,"userName":"å¤§åˆ€çŽ‹äº”"},{"address":"","age":20,"birthday":"1999-12-12","id":2,"sex":1,"userName":"å¤§åˆ€çŽ‹äº”"},{"address":"china","age":20,"birthday":"2012-12-12","id":1,"sex":1,"userName":"zhangsan"}],"total":7}
[2023-01-03 16:09:24.156 ip_IS_UNDEFINED appName_IS_UNDEFINED [34mINFO [0;39m [33m[0;39m,[32m[0;39m,[34m[0;39m [33mSpringContextShutdownHook[0;39m [32morg.springframework.scheduling.concurrent.ThreadPoolTaskExecutor[0;39m Shutting down ExecutorService 'applicationTaskExecutor'
[2023-01-03 16:09:24.157 ip_IS_UNDEFINED appName_IS_UNDEFINED [34mINFO [0;39m [33m[0;39m,[32m[0;39m,[34m[0;39m [33mSpringContextShutdownHook[0;39m [32mcom.alibaba.druid.pool.DruidDataSource[0;39m {dataSource-1} closing ...
[2023-01-03 16:09:24.162 ip_IS_UNDEFINED appName_IS_UNDEFINED [34mINFO [0;39m [33m[0;39m,[32m[0;39m,[34m[0;39m [33mSpringContextShutdownHook[0;39m [32mcom.alibaba.druid.pool.DruidDataSource[0;39m {dataSource-1} closed
[2023-01-03 16:09:24.162 ip_IS_UNDEFINED appName_IS_UNDEFINED [34mINFO [0;39m [33m[0;39m,[32m[0;39m,[34m[0;39m [33mSpringContextShutdownHook[0;39m [32mcom.alibaba.druid.pool.DruidDataSource[0;39m {dataSource-0} closing ...
{"@timestamp":"2023-01-03T08:09:29.341Z","ip":"ip_IS_UNDEFINED","app":"appName_IS_UNDEFINED","level":"INFO","trace":"","span":"","parent":"","thread":"main","class":"c.c.f.f.i.p.DefaultApplicationProvider","message":"App ID is set to simple by app.id property from System Property","stack_trace":""}
{"@timestamp":"2023-01-03T08:09:29.352Z","ip":"ip_IS_UNDEFINED","app":"appName_IS_UNDEFINED","level":"WARN","trace":"","span":"","parent":"","thread":"main","class":"c.c.f.f.i.p.DefaultApplicationProvider","message":"app.label is not available from System Property and /META-INF/app.properties. It is set to null","stack_trace":""}
{"@timestamp":"2023-01-03T08:09:29.353Z","ip":"ip_IS_UNDEFINED","app":"appName_IS_UNDEFINED","level":"INFO","trace":"","span":"","parent":"","thread":"main","class":"c.c.f.f.i.provider.DefaultServerProvider","message":"Environment is set to null. Because it is not available in either (1) JVM system property 'env', (2) OS env variable 'ENV' nor (3) property 'env' from the properties InputStream.","stack_trace":""}
{"@timestamp":"2023-01-03T08:09:29.379Z","ip":"ip_IS_UNDEFINED","app":"appName_IS_UNDEFINED","level":"INFO","trace":"","span":"","parent":"","thread":"main","class":"c.c.f.a.i.DefaultMetaServerProvider","message":"Located meta services from apollo.meta configuration: http://120.77.19.44:8080!","stack_trace":""}
{"@timestamp":"2023-01-03T08:09:29.382Z","ip":"ip_IS_UNDEFINED","app":"appName_IS_UNDEFINED","level":"INFO","trace":"","span":"","parent":"","thread":"main","class":"c.c.f.apollo.core.MetaDomainConsts","message":"Located meta server address http://120.77.19.44:8080 for env UNKNOWN from com.ctrip.framework.apollo.internals.DefaultMetaServerProvider","stack_trace":""}
{"@timestamp":"2023-01-03T08:09:29.597Z","ip":"ip_IS_UNDEFINED","app":"appName_IS_UNDEFINED","level":"INFO","trace":"","span":"","parent":"","thread":"main","class":"com.wzw.simple.SimpleApplication","message":"Starting SimpleApplication on wzwdeMacBook-Pro.local with PID 49750 (/Users/wzw/Documents/workspace/simple/target/classes started by wzw in /Users/wzw/Documents/workspace/simple)","stack_trace":""}
{"@timestamp":"2023-01-03T08:09:29.598Z","ip":"ip_IS_UNDEFINED","app":"appName_IS_UNDEFINED","level":"INFO","trace":"","span":"","parent":"","thread":"main","class":"com.wzw.simple.SimpleApplication","message":"No active profile set, falling back to default profiles: default","stack_trace":""}
{"@timestamp":"2023-01-03T08:09:30.772Z","ip":"ip_IS_UNDEFINED","app":"appName_IS_UNDEFINED","level":"INFO","trace":"","span":"","parent":"","thread":"main","class":"o.s.b.w.embedded.tomcat.TomcatWebServer","message":"Tomcat initialized with port(s): 8080 (http)","stack_trace":""}
{"@timestamp":"2023-01-03T08:09:30.781Z","ip":"ip_IS_UNDEFINED","app":"appName_IS_UNDEFINED","level":"INFO","trace":"","span":"","parent":"","thread":"main","class":"o.apache.coyote.http11.Http11NioProtocol","message":"Initializing ProtocolHandler [\"http-nio-8080\"]","stack_trace":""}
{"@timestamp":"2023-01-03T08:09:30.782Z","ip":"ip_IS_UNDEFINED","app":"appName_IS_UNDEFINED","level":"INFO","trace":"","span":"","parent":"","thread":"main","class":"org.apache.catalina.core.StandardService","message":"Starting service [Tomcat]","stack_trace":""}
{"@timestamp":"2023-01-03T08:09:30.782Z","ip":"ip_IS_UNDEFINED","app":"appName_IS_UNDEFINED","level":"INFO","trace":"","span":"","parent":"","thread":"main","class":"org.apache.catalina.core.StandardEngine","message":"Starting Servlet engine: [Apache Tomcat/9.0.46]","stack_trace":""}
{"@timestamp":"2023-01-03T08:09:30.869Z","ip":"ip_IS_UNDEFINED","app":"appName_IS_UNDEFINED","level":"INFO","trace":"","span":"","parent":"","thread":"main","class":"o.a.c.c.C.[Tomcat].[localhost].[/]","message":"Initializing Spring embedded WebApplicationContext","stack_trace":""}
{"@timestamp":"2023-01-03T08:09:30.869Z","ip":"ip_IS_UNDEFINED","app":"appName_IS_UNDEFINED","level":"INFO","trace":"","span":"","parent":"","thread":"main","class":"o.s.b.w.s.c.ServletWebServerApplicationContext","message":"Root WebApplicationContext: initialization completed in 1220 ms","stack_trace":""}
{"@timestamp":"2023-01-03T08:09:30.922Z","ip":"ip_IS_UNDEFINED","app":"appName_IS_UNDEFINED","level":"INFO","trace":"","span":"","parent":"","thread":"main","class":"c.c.f.a.s.a.SpringValueProcessor","message":"Monitoring key: simple.env, beanName: apolloConfig, field: com.wzw.simple.config.ApolloConfig$$EnhancerBySpringCGLIB$$1342da0.env","stack_trace":""}
{"@timestamp":"2023-01-03T08:09:31.458Z","ip":"ip_IS_UNDEFINED","app":"appName_IS_UNDEFINED","level":"INFO","trace":"","span":"","parent":"","thread":"main","class":"o.s.s.concurrent.ThreadPoolTaskExecutor","message":"Initializing ExecutorService 'applicationTaskExecutor'","stack_trace":""}
{"@timestamp":"2023-01-03T08:09:31.682Z","ip":"ip_IS_UNDEFINED","app":"appName_IS_UNDEFINED","level":"INFO","trace":"","span":"","parent":"","thread":"main","class":"o.apache.coyote.http11.Http11NioProtocol","message":"Starting ProtocolHandler [\"http-nio-8080\"]","stack_trace":""}
{"@timestamp":"2023-01-03T08:09:31.703Z","ip":"ip_IS_UNDEFINED","app":"appName_IS_UNDEFINED","level":"INFO","trace":"","span":"","parent":"","thread":"main","class":"o.s.b.w.embedded.tomcat.TomcatWebServer","message":"Tomcat started on port(s): 8080 (http) with context path ''","stack_trace":""}
{"@timestamp":"2023-01-03T08:09:31.714Z","ip":"ip_IS_UNDEFINED","app":"appName_IS_UNDEFINED","level":"INFO","trace":"","span":"","parent":"","thread":"main","class":"com.wzw.simple.SimpleApplication","message":"Started SimpleApplication in 2.679 seconds (JVM running for 4.506)","stack_trace":""}
{"@timestamp":"2023-01-03T08:10:22.226Z","ip":"ip_IS_UNDEFINED","app":"appName_IS_UNDEFINED","level":"INFO","trace":"","span":"","parent":"","thread":"http-nio-8080-exec-1","class":"o.a.c.c.C.[Tomcat].[localhost].[/]","message":"Initializing Spring DispatcherServlet 'dispatcherServlet'","stack_trace":""}
{"@timestamp":"2023-01-03T08:10:22.226Z","ip":"ip_IS_UNDEFINED","app":"appName_IS_UNDEFINED","level":"INFO","trace":"","span":"","parent":"","thread":"http-nio-8080-exec-1","class":"o.s.web.servlet.DispatcherServlet","message":"Initializing Servlet 'dispatcherServlet'","stack_trace":""}
{"@timestamp":"2023-01-03T08:10:22.234Z","ip":"ip_IS_UNDEFINED","app":"appName_IS_UNDEFINED","level":"INFO","trace":"","span":"","parent":"","thread":"http-nio-8080-exec-1","class":"o.s.web.servlet.DispatcherServlet","message":"Completed initialization in 8 ms","stack_trace":""}
{"@timestamp":"2023-01-03T08:10:22.437Z","ip":"ip_IS_UNDEFINED","app":"appName_IS_UNDEFINED","level":"INFO","trace":"","span":"","parent":"","thread":"http-nio-8080-exec-1","class":"com.alibaba.druid.pool.DruidDataSource","message":"{dataSource-1} inited","stack_trace":""}
{"@timestamp":"2023-01-03T08:10:23.29Z","ip":"ip_IS_UNDEFINED","app":"appName_IS_UNDEFINED","level":"DEBUG","trace":"","span":"","parent":"","thread":"http-nio-8080-exec-1","class":"c.w.s.u.m.U.selectByExample_COUNT","message":"==>  Preparing: SELECT count(0) FROM user","stack_trace":""}
{"@timestamp":"2023-01-03T08:10:23.308Z","ip":"ip_IS_UNDEFINED","app":"appName_IS_UNDEFINED","level":"DEBUG","trace":"","span":"","parent":"","thread":"http-nio-8080-exec-1","class":"c.w.s.u.m.U.selectByExample_COUNT","message":"==> Parameters: ","stack_trace":""}
{"@timestamp":"2023-01-03T08:10:23.37Z","ip":"ip_IS_UNDEFINED","app":"appName_IS_UNDEFINED","level":"DEBUG","trace":"","span":"","parent":"","thread":"http-nio-8080-exec-1","class":"c.w.s.u.m.U.selectByExample_COUNT","message":"<==      Total: 1","stack_trace":""}
{"@timestamp":"2023-01-03T08:10:23.376Z","ip":"ip_IS_UNDEFINED","app":"appName_IS_UNDEFINED","level":"DEBUG","trace":"","span":"","parent":"","thread":"http-nio-8080-exec-1","class":"c.w.s.u.m.UserMapper.selectByExample","message":"==>  Preparing: SELECT id,user_name,sex,age,birthday,address FROM user order by id Desc LIMIT ?","stack_trace":""}
{"@timestamp":"2023-01-03T08:10:23.377Z","ip":"ip_IS_UNDEFINED","app":"appName_IS_UNDEFINED","level":"DEBUG","trace":"","span":"","parent":"","thread":"http-nio-8080-exec-1","class":"c.w.s.u.m.UserMapper.selectByExample","message":"==> Parameters: 10(Integer)","stack_trace":""}
{"@timestamp":"2023-01-03T08:10:23.425Z","ip":"ip_IS_UNDEFINED","app":"appName_IS_UNDEFINED","level":"DEBUG","trace":"","span":"","parent":"","thread":"http-nio-8080-exec-1","class":"c.w.s.u.m.UserMapper.selectByExample","message":"<==      Total: 7","stack_trace":""}
{"@timestamp":"2023-01-03T08:10:23.547Z","ip":"ip_IS_UNDEFINED","app":"appName_IS_UNDEFINED","level":"INFO","trace":"","span":"","parent":"","thread":"http-nio-8080-exec-1","class":"com.wzw.simple.controller.UserController","message":"page={\"data\":[{\"address\":\"\",\"age\":1,\"birthday\":\"\",\"id\":9,\"sex\":0,\"userName\":\"lisi\"},{\"address\":\"china\",\"age\":29,\"birthday\":\"1993-03-15\",\"id\":6,\"sex\":1,\"userName\":\"å¤©é™å¹¸è¿\"},{\"address\":\"china\",\"age\":29,\"birthday\":\"1993-03-15\",\"id\":5,\"sex\":1,\"userName\":\"å¤©é™å¹¸è¿\"},{\"address\":\"china\",\"age\":29,\"birthday\":\"1993-03-15\",\"id\":4,\"sex\":1,\"userName\":\"å¤©é™å¹¸è¿\"},{\"address\":\"\",\"age\":20,\"birthday\":\"1999-12-12\",\"id\":3,\"sex\":1,\"userName\":\"å¤§åˆ€çŽ‹äº”\"},{\"address\":\"\",\"age\":20,\"birthday\":\"1999-12-12\",\"id\":2,\"sex\":1,\"userName\":\"å¤§åˆ€çŽ‹äº”\"},{\"address\":\"china\",\"age\":20,\"birthday\":\"2012-12-12\",\"id\":1,\"sex\":1,\"userName\":\"zhangsan\"}],\"total\":7}","stack_trace":""}
{"@timestamp":"2023-01-03T08:12:01.278Z","ip":"ip_IS_UNDEFINED","app":"appName_IS_UNDEFINED","level":"INFO","trace":"","span":"","parent":"","thread":"SpringContextShutdownHook","class":"o.s.s.concurrent.ThreadPoolTaskExecutor","message":"Shutting down ExecutorService 'applicationTaskExecutor'","stack_trace":""}
{"@timestamp":"2023-01-03T08:12:01.279Z","ip":"ip_IS_UNDEFINED","app":"appName_IS_UNDEFINED","level":"INFO","trace":"","span":"","parent":"","thread":"SpringContextShutdownHook","class":"com.alibaba.druid.pool.DruidDataSource","message":"{dataSource-1} closing ...","stack_trace":""}
{"@timestamp":"2023-01-03T08:12:01.284Z","ip":"ip_IS_UNDEFINED","app":"appName_IS_UNDEFINED","level":"INFO","trace":"","span":"","parent":"","thread":"SpringContextShutdownHook","class":"com.alibaba.druid.pool.DruidDataSource","message":"{dataSource-1} closed","stack_trace":""}
{"@timestamp":"2023-01-03T08:12:01.285Z","ip":"ip_IS_UNDEFINED","app":"appName_IS_UNDEFINED","level":"INFO","trace":"","span":"","parent":"","thread":"SpringContextShutdownHook","class":"com.alibaba.druid.pool.DruidDataSource","message":"{dataSource-0} closing ...","stack_trace":""}
{"@timestamp":"2023-01-03T08:12:05.347Z"}
{"@timestamp":"2023-01-03T08:12:37.871Z"}
{"@timestamp":"2023-01-03T08:15:06.718Z"}
{"date":"2023-01-03T16:22:02.136","level":"ERROR","appName":"appName_IS_UNDEFINED","traceId":"%PARSER_ERROR[traceId]","thread":"main","logger":"org.springframework.boot.SpringApplication","class":"org.springframework.boot.SpringApplication","method":"reportFailure","line":"834","message":"Application run failed java.lang.IllegalStateException: Logback configuration error detected: 
ERROR in ch.qos.logback.core.pattern.parser.Compiler@3704122f - There is no conversion class registered for conversion word [traceId]
ERROR in ch.qos.logback.core.pattern.parser.Compiler@3704122f - [traceId] is not a valid conversion word
ERROR in ch.qos.logback.core.pattern.parser.Compiler@3153ddfc - There is no conversion class registered for conversion word [traceId]
ERROR in ch.qos.logback.core.pattern.parser.Compiler@3153ddfc - [traceId] is not a valid conversion word
	at org.springframework.boot.logging.logback.LogbackLoggingSystem.loadConfiguration(LogbackLoggingSystem.java:169)
	at org.springframework.boot.logging.logback.LogbackLoggingSystem.reinitialize(LogbackLoggingSystem.java:222)
	at org.springframework.boot.logging.AbstractLoggingSystem.initializeWithConventions(AbstractLoggingSystem.java:73)
	at org.springframework.boot.logging.AbstractLoggingSystem.initialize(AbstractLoggingSystem.java:60)
	at org.springframework.boot.logging.logback.LogbackLoggingSystem.initialize(LogbackLoggingSystem.java:118)
	at org.springframework.boot.context.logging.LoggingApplicationListener.initializeSystem(LoggingApplicationListener.java:306)
	at org.springframework.boot.context.logging.LoggingApplicationListener.initialize(LoggingApplicationListener.java:281)
	at org.springframework.boot.context.logging.LoggingApplicationListener.onApplicationEnvironmentPreparedEvent(LoggingApplicationListener.java:239)
	at org.springframework.boot.context.logging.LoggingApplicationListener.onApplicationEvent(LoggingApplicationListener.java:216)
	at org.springframework.context.event.SimpleApplicationEventMulticaster.doInvokeListener(SimpleApplicationEventMulticaster.java:172)
	at org.springframework.context.event.SimpleApplicationEventMulticaster.invokeListener(SimpleApplicationEventMulticaster.java:165)
	at org.springframework.context.event.SimpleApplicationEventMulticaster.multicastEvent(SimpleApplicationEventMulticaster.java:139)
	at org.springframework.context.event.SimpleApplicationEventMulticaster.multicastEvent(SimpleApplicationEventMulticaster.java:127)
	at org.springframework.boot.context.event.EventPublishingRunListener.environmentPrepared(EventPublishingRunListener.java:80)
	at org.springframework.boot.SpringApplicationRunListeners.environmentPrepared(SpringApplicationRunListeners.java:53)
	at org.springframework.boot.SpringApplication.prepareEnvironment(SpringApplication.java:342)
	at org.springframework.boot.SpringApplication.run(SpringApplication.java:307)
	at org.springframework.boot.SpringApplication.run(SpringApplication.java:1247)
	at org.springframework.boot.SpringApplication.run(SpringApplication.java:1236)
	at com.wzw.simple.SimpleApplication.main(SimpleApplication.java:19)
"}
{"date":"2023-01-03T16:22:49.678","level":"ERROR","appName":"simple","traceId":"%PARSER_ERROR[traceId]","thread":"main","logger":"org.springframework.boot.SpringApplication","class":"org.springframework.boot.SpringApplication","method":"reportFailure","line":"834","message":"Application run failed java.lang.IllegalStateException: Logback configuration error detected: 
ERROR in ch.qos.logback.core.pattern.parser.Compiler@1dfd5f51 - Failed to instantiate converter class [1] for keyword [traceId] ch.qos.logback.core.util.DynamicClassLoadingException: Failed to instantiate type 1
ERROR in ch.qos.logback.core.pattern.parser.Compiler@1dfd5f51 - [traceId] is not a valid conversion word
ERROR in ch.qos.logback.core.pattern.parser.Compiler@3c321bdb - Failed to instantiate converter class [1] for keyword [traceId] ch.qos.logback.core.util.DynamicClassLoadingException: Failed to instantiate type 1
ERROR in ch.qos.logback.core.pattern.parser.Compiler@3c321bdb - [traceId] is not a valid conversion word
	at org.springframework.boot.logging.logback.LogbackLoggingSystem.loadConfiguration(LogbackLoggingSystem.java:169)
	at org.springframework.boot.logging.logback.LogbackLoggingSystem.reinitialize(LogbackLoggingSystem.java:222)
	at org.springframework.boot.logging.AbstractLoggingSystem.initializeWithConventions(AbstractLoggingSystem.java:73)
	at org.springframework.boot.logging.AbstractLoggingSystem.initialize(AbstractLoggingSystem.java:60)
	at org.springframework.boot.logging.logback.LogbackLoggingSystem.initialize(LogbackLoggingSystem.java:118)
	at org.springframework.boot.context.logging.LoggingApplicationListener.initializeSystem(LoggingApplicationListener.java:306)
	at org.springframework.boot.context.logging.LoggingApplicationListener.initialize(LoggingApplicationListener.java:281)
	at org.springframework.boot.context.logging.LoggingApplicationListener.onApplicationEnvironmentPreparedEvent(LoggingApplicationListener.java:239)
	at org.springframework.boot.context.logging.LoggingApplicationListener.onApplicationEvent(LoggingApplicationListener.java:216)
	at org.springframework.context.event.SimpleApplicationEventMulticaster.doInvokeListener(SimpleApplicationEventMulticaster.java:172)
	at org.springframework.context.event.SimpleApplicationEventMulticaster.invokeListener(SimpleApplicationEventMulticaster.java:165)
	at org.springframework.context.event.SimpleApplicationEventMulticaster.multicastEvent(SimpleApplicationEventMulticaster.java:139)
	at org.springframework.context.event.SimpleApplicationEventMulticaster.multicastEvent(SimpleApplicationEventMulticaster.java:127)
	at org.springframework.boot.context.event.EventPublishingRunListener.environmentPrepared(EventPublishingRunListener.java:80)
	at org.springframework.boot.SpringApplicationRunListeners.environmentPrepared(SpringApplicationRunListeners.java:53)
	at org.springframework.boot.SpringApplication.prepareEnvironment(SpringApplication.java:342)
	at org.springframework.boot.SpringApplication.run(SpringApplication.java:307)
	at org.springframework.boot.SpringApplication.run(SpringApplication.java:1247)
	at org.springframework.boot.SpringApplication.run(SpringApplication.java:1236)
	at com.wzw.simple.SimpleApplication.main(SimpleApplication.java:19)
"}
{"date":"2023-01-03T16:27:17.894","level":"INFO","appName":"simple","traceId":"1","thread":"main","logger":"com.ctrip.framework.foundation.internals.provider.DefaultApplicationProvider","class":"com.ctrip.framework.apollo.core.utils.DeferredLogger","method":"info","line":"244","message":"App ID is set to simple by app.id property from System Property "}
{"date":"2023-01-03T16:27:17.897","level":"WARN","appName":"simple","traceId":"1","thread":"main","logger":"com.ctrip.framework.foundation.internals.provider.DefaultApplicationProvider","class":"com.ctrip.framework.apollo.core.utils.DeferredLogger","method":"warn","line":"324","message":"app.label is not available from System Property and /META-INF/app.properties. It is set to null "}
{"date":"2023-01-03T16:27:17.899","level":"INFO","appName":"simple","traceId":"1","thread":"main","logger":"com.ctrip.framework.foundation.internals.provider.DefaultServerProvider","class":"com.ctrip.framework.apollo.core.utils.DeferredLogger","method":"info","line":"235","message":"Environment is set to null. Because it is not available in either (1) JVM system property 'env', (2) OS env variable 'ENV' nor (3) property 'env' from the properties InputStream. "}
{"date":"2023-01-03T16:27:17.947","level":"INFO","appName":"simple","traceId":"1","thread":"main","logger":"com.ctrip.framework.apollo.internals.DefaultMetaServerProvider","class":"com.ctrip.framework.apollo.core.utils.DeferredLogger","method":"info","line":"244","message":"Located meta services from apollo.meta configuration: http://120.77.19.44:8080! "}
{"date":"2023-01-03T16:27:17.952","level":"INFO","appName":"simple","traceId":"1","thread":"main","logger":"com.ctrip.framework.apollo.core.MetaDomainConsts","class":"com.ctrip.framework.apollo.core.utils.DeferredLogger","method":"info","line":"262","message":"Located meta server address http://120.77.19.44:8080 for env UNKNOWN from com.ctrip.framework.apollo.internals.DefaultMetaServerProvider "}
{"date":"2023-01-03T16:27:18.192","level":"INFO","appName":"simple","traceId":"1","thread":"main","logger":"com.wzw.simple.SimpleApplication","class":"org.springframework.boot.StartupInfoLogger","method":"logStarting","line":"55","message":"Starting SimpleApplication on wzwdeMacBook-Pro.local with PID 52487 (/Users/wzw/Documents/workspace/simple/target/classes started by wzw in /Users/wzw/Documents/workspace/simple) "}
{"date":"2023-01-03T16:27:18.193","level":"INFO","appName":"simple","traceId":"1","thread":"main","logger":"com.wzw.simple.SimpleApplication","class":"org.springframework.boot.SpringApplication","method":"logStartupProfileInfo","line":"648","message":"No active profile set, falling back to default profiles: default "}
{"date":"2023-01-03T16:27:19.378","level":"INFO","appName":"simple","traceId":"1","thread":"main","logger":"org.springframework.boot.web.embedded.tomcat.TomcatWebServer","class":"org.springframework.boot.web.embedded.tomcat.TomcatWebServer","method":"initialize","line":"108","message":"Tomcat initialized with port(s): 8080 (http) "}
{"date":"2023-01-03T16:27:19.389","level":"INFO","appName":"simple","traceId":"1","thread":"main","logger":"org.apache.coyote.http11.Http11NioProtocol","class":"org.apache.juli.logging.DirectJDKLog","method":"log","line":"173","message":"Initializing ProtocolHandler [`http-nio-8080`] "}
{"date":"2023-01-03T16:27:19.389","level":"INFO","appName":"simple","traceId":"1","thread":"main","logger":"org.apache.catalina.core.StandardService","class":"org.apache.juli.logging.DirectJDKLog","method":"log","line":"173","message":"Starting service [Tomcat] "}
{"date":"2023-01-03T16:27:19.390","level":"INFO","appName":"simple","traceId":"1","thread":"main","logger":"org.apache.catalina.core.StandardEngine","class":"org.apache.juli.logging.DirectJDKLog","method":"log","line":"173","message":"Starting Servlet engine: [Apache Tomcat/9.0.46] "}
{"date":"2023-01-03T16:27:19.477","level":"INFO","appName":"simple","traceId":"1","thread":"main","logger":"org.apache.catalina.core.ContainerBase.[Tomcat].[localhost].[/]","class":"org.apache.juli.logging.DirectJDKLog","method":"log","line":"173","message":"Initializing Spring embedded WebApplicationContext "}
{"date":"2023-01-03T16:27:19.477","level":"INFO","appName":"simple","traceId":"1","thread":"main","logger":"org.springframework.boot.web.servlet.context.ServletWebServerApplicationContext","class":"org.springframework.boot.web.servlet.context.ServletWebServerApplicationContext","method":"prepareWebApplicationContext","line":"285","message":"Root WebApplicationContext: initialization completed in 1238 ms "}
{"date":"2023-01-03T16:27:19.524","level":"INFO","appName":"simple","traceId":"1","thread":"main","logger":"com.ctrip.framework.apollo.spring.annotation.SpringValueProcessor","class":"com.ctrip.framework.apollo.spring.annotation.SpringValueProcessor","method":"doRegister","line":"142","message":"Monitoring key: simple.env, beanName: apolloConfig, field: com.wzw.simple.config.ApolloConfig$$EnhancerBySpringCGLIB$$a2fc0c33.env "}
{"date":"2023-01-03T16:27:20.213","level":"INFO","appName":"simple","traceId":"1","thread":"main","logger":"org.springframework.scheduling.concurrent.ThreadPoolTaskExecutor","class":"org.springframework.scheduling.concurrent.ExecutorConfigurationSupport","method":"initialize","line":"181","message":"Initializing ExecutorService 'applicationTaskExecutor' "}
{"date":"2023-01-03T16:27:20.465","level":"INFO","appName":"simple","traceId":"1","thread":"main","logger":"org.apache.coyote.http11.Http11NioProtocol","class":"org.apache.juli.logging.DirectJDKLog","method":"log","line":"173","message":"Starting ProtocolHandler [`http-nio-8080`] "}
{"date":"2023-01-03T16:27:20.485","level":"INFO","appName":"simple","traceId":"1","thread":"main","logger":"org.springframework.boot.web.embedded.tomcat.TomcatWebServer","class":"org.springframework.boot.web.embedded.tomcat.TomcatWebServer","method":"start","line":"220","message":"Tomcat started on port(s): 8080 (http) with context path '' "}
{"date":"2023-01-03T16:27:20.497","level":"INFO","appName":"simple","traceId":"1","thread":"main","logger":"com.wzw.simple.SimpleApplication","class":"org.springframework.boot.StartupInfoLogger","method":"logStarted","line":"61","message":"Started SimpleApplication in 3.011 seconds (JVM running for 4.565) "}
{"date":"2023-01-03T16:28:03.730","level":"INFO","appName":"simple","traceId":"1","thread":"http-nio-8080-exec-1","logger":"org.apache.catalina.core.ContainerBase.[Tomcat].[localhost].[/]","class":"org.apache.juli.logging.DirectJDKLog","method":"log","line":"173","message":"Initializing Spring DispatcherServlet 'dispatcherServlet' "}
{"date":"2023-01-03T16:28:03.730","level":"INFO","appName":"simple","traceId":"1","thread":"http-nio-8080-exec-1","logger":"org.springframework.web.servlet.DispatcherServlet","class":"org.springframework.web.servlet.FrameworkServlet","method":"initServletBean","line":"525","message":"Initializing Servlet 'dispatcherServlet' "}
{"date":"2023-01-03T16:28:03.738","level":"INFO","appName":"simple","traceId":"1","thread":"http-nio-8080-exec-1","logger":"org.springframework.web.servlet.DispatcherServlet","class":"org.springframework.web.servlet.FrameworkServlet","method":"initServletBean","line":"547","message":"Completed initialization in 7 ms "}
{"date":"2023-01-03T16:28:04.009","level":"INFO","appName":"simple","traceId":"1","thread":"http-nio-8080-exec-1","logger":"com.alibaba.druid.pool.DruidDataSource","class":"com.alibaba.druid.pool.DruidDataSource","method":"init","line":"985","message":"{dataSource-1} inited "}
{"date":"2023-01-03T16:28:05.097","level":"DEBUG","appName":"simple","traceId":"1","thread":"http-nio-8080-exec-1","logger":"com.wzw.simple.user.mapper.UserMapper.selectByExample_COUNT","class":"org.apache.ibatis.logging.jdbc.BaseJdbcLogger","method":"debug","line":"137","message":"==>  Preparing: SELECT count(0) FROM user "}
{"date":"2023-01-03T16:28:05.118","level":"DEBUG","appName":"simple","traceId":"1","thread":"http-nio-8080-exec-1","logger":"com.wzw.simple.user.mapper.UserMapper.selectByExample_COUNT","class":"org.apache.ibatis.logging.jdbc.BaseJdbcLogger","method":"debug","line":"137","message":"==> Parameters:  "}
{"date":"2023-01-03T16:28:05.189","level":"DEBUG","appName":"simple","traceId":"1","thread":"http-nio-8080-exec-1","logger":"com.wzw.simple.user.mapper.UserMapper.selectByExample_COUNT","class":"org.apache.ibatis.logging.jdbc.BaseJdbcLogger","method":"debug","line":"137","message":"<==      Total: 1 "}
{"date":"2023-01-03T16:28:05.197","level":"DEBUG","appName":"simple","traceId":"1","thread":"http-nio-8080-exec-1","logger":"com.wzw.simple.user.mapper.UserMapper.selectByExample","class":"org.apache.ibatis.logging.jdbc.BaseJdbcLogger","method":"debug","line":"137","message":"==>  Preparing: SELECT id,user_name,sex,age,birthday,address FROM user order by id Desc LIMIT ? "}
{"date":"2023-01-03T16:28:05.214","level":"DEBUG","appName":"simple","traceId":"1","thread":"http-nio-8080-exec-1","logger":"com.wzw.simple.user.mapper.UserMapper.selectByExample","class":"org.apache.ibatis.logging.jdbc.BaseJdbcLogger","method":"debug","line":"137","message":"==> Parameters: 10(Integer) "}
{"date":"2023-01-03T16:28:05.273","level":"DEBUG","appName":"simple","traceId":"1","thread":"http-nio-8080-exec-1","logger":"com.wzw.simple.user.mapper.UserMapper.selectByExample","class":"org.apache.ibatis.logging.jdbc.BaseJdbcLogger","method":"debug","line":"137","message":"<==      Total: 7 "}
{"date":"2023-01-03T16:28:05.426","level":"INFO","appName":"simple","traceId":"1","thread":"http-nio-8080-exec-1","logger":"com.wzw.simple.controller.UserController","class":"com.wzw.simple.controller.UserController","method":"page","line":"47","message":"page={`data`:[{`address`:``,`age`:1,`birthday`:``,`id`:9,`sex`:0,`userName`:`lisi`},{`address`:`china`,`age`:29,`birthday`:`1993-03-15`,`id`:6,`sex`:1,`userName`:`å¤©é™å¹¸è¿`},{`address`:`china`,`age`:29,`birthday`:`1993-03-15`,`id`:5,`sex`:1,`userName`:`å¤©é™å¹¸è¿`},{`address`:`china`,`age`:29,`birthday`:`1993-03-15`,`id`:4,`sex`:1,`userName`:`å¤©é™å¹¸è¿`},{`address`:``,`age`:20,`birthday`:`1999-12-12`,`id`:3,`sex`:1,`userName`:`å¤§åˆ€çŽ‹äº”`},{`address`:``,`age`:20,`birthday`:`1999-12-12`,`id`:2,`sex`:1,`userName`:`å¤§åˆ€çŽ‹äº”`},{`address`:`china`,`age`:20,`birthday`:`2012-12-12`,`id`:1,`sex`:1,`userName`:`zhangsan`}],`total`:7} "}
{"date":"2023-01-03T16:58:23.179","level":"DEBUG","appName":"simple","traceId":"1","thread":"http-nio-8080-exec-4","logger":"com.wzw.simple.user.mapper.UserMapper.selectByExample_COUNT","class":"org.apache.ibatis.logging.jdbc.BaseJdbcLogger","method":"debug","line":"137","message":"==>  Preparing: SELECT count(0) FROM user "}
{"date":"2023-01-03T16:58:23.181","level":"DEBUG","appName":"simple","traceId":"1","thread":"http-nio-8080-exec-4","logger":"com.wzw.simple.user.mapper.UserMapper.selectByExample_COUNT","class":"org.apache.ibatis.logging.jdbc.BaseJdbcLogger","method":"debug","line":"137","message":"==> Parameters:  "}
{"date":"2023-01-03T16:58:23.228","level":"DEBUG","appName":"simple","traceId":"1","thread":"http-nio-8080-exec-4","logger":"com.wzw.simple.user.mapper.UserMapper.selectByExample_COUNT","class":"org.apache.ibatis.logging.jdbc.BaseJdbcLogger","method":"debug","line":"137","message":"<==      Total: 1 "}
{"date":"2023-01-03T16:58:23.229","level":"DEBUG","appName":"simple","traceId":"1","thread":"http-nio-8080-exec-4","logger":"com.wzw.simple.user.mapper.UserMapper.selectByExample","class":"org.apache.ibatis.logging.jdbc.BaseJdbcLogger","method":"debug","line":"137","message":"==>  Preparing: SELECT id,user_name,sex,age,birthday,address FROM user order by id Desc LIMIT ? "}
{"date":"2023-01-03T16:58:23.230","level":"DEBUG","appName":"simple","traceId":"1","thread":"http-nio-8080-exec-4","logger":"com.wzw.simple.user.mapper.UserMapper.selectByExample","class":"org.apache.ibatis.logging.jdbc.BaseJdbcLogger","method":"debug","line":"137","message":"==> Parameters: 10(Integer) "}
{"date":"2023-01-03T16:58:23.283","level":"DEBUG","appName":"simple","traceId":"1","thread":"http-nio-8080-exec-4","logger":"com.wzw.simple.user.mapper.UserMapper.selectByExample","class":"org.apache.ibatis.logging.jdbc.BaseJdbcLogger","method":"debug","line":"137","message":"<==      Total: 7 "}
{"date":"2023-01-03T16:58:23.285","level":"INFO","appName":"simple","traceId":"1","thread":"http-nio-8080-exec-4","logger":"com.wzw.simple.controller.UserController","class":"com.wzw.simple.controller.UserController","method":"page","line":"47","message":"page={`data`:[{`address`:``,`age`:1,`birthday`:``,`id`:9,`sex`:0,`userName`:`lisi`},{`address`:`china`,`age`:29,`birthday`:`1993-03-15`,`id`:6,`sex`:1,`userName`:`å¤©é™å¹¸è¿`},{`address`:`china`,`age`:29,`birthday`:`1993-03-15`,`id`:5,`sex`:1,`userName`:`å¤©é™å¹¸è¿`},{`address`:`china`,`age`:29,`birthday`:`1993-03-15`,`id`:4,`sex`:1,`userName`:`å¤©é™å¹¸è¿`},{`address`:``,`age`:20,`birthday`:`1999-12-12`,`id`:3,`sex`:1,`userName`:`å¤§åˆ€çŽ‹äº”`},{`address`:``,`age`:20,`birthday`:`1999-12-12`,`id`:2,`sex`:1,`userName`:`å¤§åˆ€çŽ‹äº”`},{`address`:`china`,`age`:20,`birthday`:`2012-12-12`,`id`:1,`sex`:1,`userName`:`zhangsan`}],`total`:7} "}
{"date":"2023-01-03T21:03:07.653","level":"WARN","appName":"simple","traceId":"1","thread":"Apollo-RemoteConfigRepository-1","logger":"com.ctrip.framework.apollo.internals.AbstractConfigRepository","class":"com.ctrip.framework.apollo.internals.AbstractConfigRepository","method":"trySync","line":"46","message":"Sync config failed, will retry. Repository class com.ctrip.framework.apollo.internals.RemoteConfigRepository, reason: Load Apollo Config failed - appId: simple, cluster: default, namespace: application, url: http://120.77.19.44:8080/configs/simple/default/application?ip=10.2.19.136&messages=%7B%22details%22%3A%7B%22simple%2Bdefault%2Bapplication%22%3A19%7D%7D&releaseKey=20221224142851-f8c073b0b56a7c09 [Cause: java.io.IOException: Server returned HTTP response code: 502 for URL: http://120.77.19.44:8080/configs/simple/default/application?ip=10.2.19.136&messages=%7B%22details%22%3A%7B%22simple%2Bdefault%2Bapplication%22%3A19%7D%7D&releaseKey=20221224142851-f8c073b0b56a7c09 [Cause: Server returned HTTP response code: 502 for URL: http://120.77.19.44:8080/configs/simple/default/application?ip=10.2.19.136&messages=%7B%22details%22%3A%7B%22simple%2Bdefault%2Bapplication%22%3A19%7D%7D&releaseKey=20221224142851-f8c073b0b56a7c09 [Cause: Server returned HTTP response code: 502 for URL: http://120.77.19.44:8080/configs/simple/default/application?ip=10.2.19.136&messages=%7B%22details%22%3A%7B%22simple%2Bdefault%2Bapplication%22%3A19%7D%7D&releaseKey=20221224142851-f8c073b0b56a7c09]]] "}
{"date":"2023-01-03T21:03:08.516","level":"WARN","appName":"simple","traceId":"1","thread":"Apollo-RemoteConfigRepository-1","logger":"com.ctrip.framework.apollo.internals.AbstractConfigRepository","class":"com.ctrip.framework.apollo.internals.AbstractConfigRepository","method":"trySync","line":"46","message":"Sync config failed, will retry. Repository class com.ctrip.framework.apollo.internals.RemoteConfigRepository, reason: Load Apollo Config failed - appId: simple, cluster: default, namespace: business, url: http://120.77.19.44:8080/configs/simple/default/business?ip=10.2.19.136&messages=%7B%22details%22%3A%7B%22simple%2Bdefault%2Bbusiness%22%3A26%7D%7D&releaseKey=20221226195422-b33073b0b56a7c0a [Cause: java.io.IOException: Server returned HTTP response code: 502 for URL: http://120.77.19.44:8080/configs/simple/default/business?ip=10.2.19.136&messages=%7B%22details%22%3A%7B%22simple%2Bdefault%2Bbusiness%22%3A26%7D%7D&releaseKey=20221226195422-b33073b0b56a7c0a [Cause: Server returned HTTP response code: 502 for URL: http://120.77.19.44:8080/configs/simple/default/business?ip=10.2.19.136&messages=%7B%22details%22%3A%7B%22simple%2Bdefault%2Bbusiness%22%3A26%7D%7D&releaseKey=20221226195422-b33073b0b56a7c0a [Cause: Server returned HTTP response code: 502 for URL: http://120.77.19.44:8080/configs/simple/default/business?ip=10.2.19.136&messages=%7B%22details%22%3A%7B%22simple%2Bdefault%2Bbusiness%22%3A26%7D%7D&releaseKey=20221226195422-b33073b0b56a7c0a]]] "}
{"date":"2023-01-03T21:03:12.239","level":"WARN","appName":"simple","traceId":"1","thread":"Apollo-RemoteConfigLongPollService-1","logger":"com.ctrip.framework.apollo.internals.RemoteConfigLongPollService","class":"com.ctrip.framework.apollo.internals.RemoteConfigLongPollService","method":"doLongPollingRefresh","line":"213","message":"Long polling failed, will retry in 1 seconds. appId: simple, cluster: default, namespaces: business+application, long polling url: http://120.77.19.44:8080/notifications/v2?cluster=default&appId=simple&ip=10.2.19.136&notifications=%5B%7B%22namespaceName%22%3A%22application%22%2C%22notificationId%22%3A19%7D%2C%7B%22namespaceName%22%3A%22business%22%2C%22notificationId%22%3A26%7D%5D, reason: Could not complete get operation [Cause: Read timed out] "}
{"date":"2023-01-03T21:03:13.264","level":"WARN","appName":"simple","traceId":"1","thread":"Apollo-RemoteConfigLongPollService-1","logger":"com.ctrip.framework.apollo.internals.RemoteConfigLongPollService","class":"com.ctrip.framework.apollo.internals.RemoteConfigLongPollService","method":"doLongPollingRefresh","line":"213","message":"Long polling failed, will retry in 2 seconds. appId: simple, cluster: default, namespaces: business+application, long polling url: http://120.77.19.44:8080/notifications/v2?cluster=default&appId=simple&ip=10.2.19.136&notifications=%5B%7B%22namespaceName%22%3A%22application%22%2C%22notificationId%22%3A19%7D%2C%7B%22namespaceName%22%3A%22business%22%2C%22notificationId%22%3A26%7D%5D, reason: java.io.IOException: Server returned HTTP response code: 502 for URL: http://120.77.19.44:8080/notifications/v2?cluster=default&appId=simple&ip=10.2.19.136&notifications=%5B%7B%22namespaceName%22%3A%22application%22%2C%22notificationId%22%3A19%7D%2C%7B%22namespaceName%22%3A%22business%22%2C%22notificationId%22%3A26%7D%5D [Cause: Server returned HTTP response code: 502 for URL: http://120.77.19.44:8080/notifications/v2?cluster=default&appId=simple&ip=10.2.19.136&notifications=%5B%7B%22namespaceName%22%3A%22application%22%2C%22notificationId%22%3A19%7D%2C%7B%22namespaceName%22%3A%22business%22%2C%22notificationId%22%3A26%7D%5D [Cause: Server returned HTTP response code: 502 for URL: http://120.77.19.44:8080/notifications/v2?cluster=default&appId=simple&ip=10.2.19.136&notifications=%5B%7B%22namespaceName%22%3A%22application%22%2C%22notificationId%22%3A19%7D%2C%7B%22namespaceName%22%3A%22business%22%2C%22notificationId%22%3A26%7D%5D]] "}
{"date":"2023-01-03T21:03:15.279","level":"WARN","appName":"simple","traceId":"1","thread":"Apollo-RemoteConfigLongPollService-1","logger":"com.ctrip.framework.apollo.internals.RemoteConfigLongPollService","class":"com.ctrip.framework.apollo.internals.RemoteConfigLongPollService","method":"doLongPollingRefresh","line":"213","message":"Long polling failed, will retry in 4 seconds. appId: simple, cluster: default, namespaces: business+application, long polling url: http://120.77.19.44:8080/notifications/v2?cluster=default&appId=simple&ip=10.2.19.136&notifications=%5B%7B%22namespaceName%22%3A%22application%22%2C%22notificationId%22%3A19%7D%2C%7B%22namespaceName%22%3A%22business%22%2C%22notificationId%22%3A26%7D%5D, reason: java.io.IOException: Server returned HTTP response code: 502 for URL: http://120.77.19.44:8080/notifications/v2?cluster=default&appId=simple&ip=10.2.19.136&notifications=%5B%7B%22namespaceName%22%3A%22application%22%2C%22notificationId%22%3A19%7D%2C%7B%22namespaceName%22%3A%22business%22%2C%22notificationId%22%3A26%7D%5D [Cause: Server returned HTTP response code: 502 for URL: http://120.77.19.44:8080/notifications/v2?cluster=default&appId=simple&ip=10.2.19.136&notifications=%5B%7B%22namespaceName%22%3A%22application%22%2C%22notificationId%22%3A19%7D%2C%7B%22namespaceName%22%3A%22business%22%2C%22notificationId%22%3A26%7D%5D [Cause: Server returned HTTP response code: 502 for URL: http://120.77.19.44:8080/notifications/v2?cluster=default&appId=simple&ip=10.2.19.136&notifications=%5B%7B%22namespaceName%22%3A%22application%22%2C%22notificationId%22%3A19%7D%2C%7B%22namespaceName%22%3A%22business%22%2C%22notificationId%22%3A26%7D%5D]] "}
{"date":"2023-01-03T21:03:19.292","level":"WARN","appName":"simple","traceId":"1","thread":"Apollo-RemoteConfigLongPollService-1","logger":"com.ctrip.framework.apollo.internals.RemoteConfigLongPollService","class":"com.ctrip.framework.apollo.internals.RemoteConfigLongPollService","method":"doLongPollingRefresh","line":"213","message":"Long polling failed, will retry in 8 seconds. appId: simple, cluster: default, namespaces: business+application, long polling url: http://120.77.19.44:8080/notifications/v2?cluster=default&appId=simple&ip=10.2.19.136&notifications=%5B%7B%22namespaceName%22%3A%22application%22%2C%22notificationId%22%3A19%7D%2C%7B%22namespaceName%22%3A%22business%22%2C%22notificationId%22%3A26%7D%5D, reason: java.io.IOException: Server returned HTTP response code: 502 for URL: http://120.77.19.44:8080/notifications/v2?cluster=default&appId=simple&ip=10.2.19.136&notifications=%5B%7B%22namespaceName%22%3A%22application%22%2C%22notificationId%22%3A19%7D%2C%7B%22namespaceName%22%3A%22business%22%2C%22notificationId%22%3A26%7D%5D [Cause: Server returned HTTP response code: 502 for URL: http://120.77.19.44:8080/notifications/v2?cluster=default&appId=simple&ip=10.2.19.136&notifications=%5B%7B%22namespaceName%22%3A%22application%22%2C%22notificationId%22%3A19%7D%2C%7B%22namespaceName%22%3A%22business%22%2C%22notificationId%22%3A26%7D%5D [Cause: Server returned HTTP response code: 502 for URL: http://120.77.19.44:8080/notifications/v2?cluster=default&appId=simple&ip=10.2.19.136&notifications=%5B%7B%22namespaceName%22%3A%22application%22%2C%22notificationId%22%3A19%7D%2C%7B%22namespaceName%22%3A%22business%22%2C%22notificationId%22%3A26%7D%5D]] "}
{"date":"2023-01-03T21:03:27.307","level":"WARN","appName":"simple","traceId":"1","thread":"Apollo-RemoteConfigLongPollService-1","logger":"com.ctrip.framework.apollo.internals.RemoteConfigLongPollService","class":"com.ctrip.framework.apollo.internals.RemoteConfigLongPollService","method":"doLongPollingRefresh","line":"213","message":"Long polling failed, will retry in 16 seconds. appId: simple, cluster: default, namespaces: business+application, long polling url: http://120.77.19.44:8080/notifications/v2?cluster=default&appId=simple&ip=10.2.19.136&notifications=%5B%7B%22namespaceName%22%3A%22application%22%2C%22notificationId%22%3A19%7D%2C%7B%22namespaceName%22%3A%22business%22%2C%22notificationId%22%3A26%7D%5D, reason: java.io.IOException: Server returned HTTP response code: 502 for URL: http://120.77.19.44:8080/notifications/v2?cluster=default&appId=simple&ip=10.2.19.136&notifications=%5B%7B%22namespaceName%22%3A%22application%22%2C%22notificationId%22%3A19%7D%2C%7B%22namespaceName%22%3A%22business%22%2C%22notificationId%22%3A26%7D%5D [Cause: Server returned HTTP response code: 502 for URL: http://120.77.19.44:8080/notifications/v2?cluster=default&appId=simple&ip=10.2.19.136&notifications=%5B%7B%22namespaceName%22%3A%22application%22%2C%22notificationId%22%3A19%7D%2C%7B%22namespaceName%22%3A%22business%22%2C%22notificationId%22%3A26%7D%5D [Cause: Server returned HTTP response code: 502 for URL: http://120.77.19.44:8080/notifications/v2?cluster=default&appId=simple&ip=10.2.19.136&notifications=%5B%7B%22namespaceName%22%3A%22application%22%2C%22notificationId%22%3A19%7D%2C%7B%22namespaceName%22%3A%22business%22%2C%22notificationId%22%3A26%7D%5D]] "}
{"date":"2023-01-03T21:44:49.686","level":"WARN","appName":"simple","traceId":"1","thread":"Apollo-RemoteConfigLongPollService-1","logger":"com.ctrip.framework.apollo.internals.RemoteConfigLongPollService","class":"com.ctrip.framework.apollo.internals.RemoteConfigLongPollService","method":"doLongPollingRefresh","line":"213","message":"Long polling failed, will retry in 32 seconds. appId: simple, cluster: default, namespaces: business+application, long polling url: http://120.77.19.44:8080/notifications/v2?cluster=default&appId=simple&ip=10.2.19.136&notifications=%5B%7B%22namespaceName%22%3A%22application%22%2C%22notificationId%22%3A19%7D%2C%7B%22namespaceName%22%3A%22business%22%2C%22notificationId%22%3A26%7D%5D, reason: Could not complete get operation [Cause: Read timed out] "}
{"date":"2023-01-03T22:04:06.153","level":"WARN","appName":"simple","traceId":"1","thread":"Apollo-RemoteConfigLongPollService-1","logger":"com.ctrip.framework.apollo.internals.RemoteConfigLongPollService","class":"com.ctrip.framework.apollo.internals.RemoteConfigLongPollService","method":"doLongPollingRefresh","line":"213","message":"Long polling failed, will retry in 64 seconds. appId: simple, cluster: default, namespaces: business+application, long polling url: http://120.77.19.44:8080/notifications/v2?cluster=default&appId=simple&ip=10.2.19.136&notifications=%5B%7B%22namespaceName%22%3A%22application%22%2C%22notificationId%22%3A19%7D%2C%7B%22namespaceName%22%3A%22business%22%2C%22notificationId%22%3A26%7D%5D, reason: Could not complete get operation [Cause: Read timed out] "}
